[debug] [2022-08-01T15:15:12.289Z] ----------------------------------------------------------------------
[debug] [2022-08-01T15:15:12.296Z] Command:       C:\Program Files\nodejs\node.exe C:\Users\MIMI\AppData\Roaming\npm\node_modules\firebase-tools\lib\bin\firebase.js emulators:start
[debug] [2022-08-01T15:15:12.298Z] CLI Version:   11.2.2
[debug] [2022-08-01T15:15:12.298Z] Platform:      win32
[debug] [2022-08-01T15:15:12.299Z] Node Version:  v16.15.0
[debug] [2022-08-01T15:15:12.428Z] Time:          Mon Aug 01 2022 18:15:12 GMT+0300 (East Africa Time)
[debug] [2022-08-01T15:15:12.433Z] ----------------------------------------------------------------------
[debug] 
[debug] [2022-08-01T15:15:12.492Z] >>> [apiv2][query] GET https://firebase-public.firebaseio.com/cli.json [none]
[debug] [2022-08-01T15:15:13.254Z] > command requires scopes: ["email","openid","https://www.googleapis.com/auth/cloudplatformprojects.readonly","https://www.googleapis.com/auth/firebase","https://www.googleapis.com/auth/cloud-platform"]
[debug] [2022-08-01T15:15:13.255Z] > authorizing via signed-in user (betymelaku6@gmail.com)
[info] i  emulators: Starting emulators: functions, hosting {"metadata":{"emulator":{"name":"hub"},"message":"Starting emulators: functions, hosting"}}
[debug] [2022-08-01T15:15:13.604Z] [hub] writing locator at C:\Users\MIMI\AppData\Local\Temp\hub-fir-60352.json
[warn] !  functions: The following emulators are not running, calls to these services from the Functions emulator will affect production: auth, firestore, database, pubsub, storage {"metadata":{"emulator":{"name":"functions"},"message":"The following emulators are not running, calls to these services from the Functions emulator will affect production: \u001b[1mauth, firestore, database, pubsub, storage\u001b[22m"}}
[info] +  functions: Using node@16 from host. {"metadata":{"emulator":{"name":"functions"},"message":"Using node@16 from host."}}
[debug] [2022-08-01T15:15:14.173Z] defaultcredentials: writing to file C:\Users\MIMI\AppData\Roaming\firebase\betymelaku6_gmail_com_application_default_credentials.json
[debug] [2022-08-01T15:15:14.249Z] Setting GAC to C:\Users\MIMI\AppData\Roaming\firebase\betymelaku6_gmail_com_application_default_credentials.json {"metadata":{"emulator":{"name":"functions"},"message":"Setting GAC to C:\\Users\\MIMI\\AppData\\Roaming\\firebase\\betymelaku6_gmail_com_application_default_credentials.json"}}
[debug] [2022-08-01T15:15:14.254Z] > refreshing access token with scopes: []
[debug] [2022-08-01T15:15:14.257Z] >>> [apiv2][query] POST https://www.googleapis.com/oauth2/v3/token [none]
[debug] [2022-08-01T15:15:14.258Z] >>> [apiv2][body] POST https://www.googleapis.com/oauth2/v3/token [omitted]
[debug] [2022-08-01T15:15:15.273Z] <<< [apiv2][status] GET https://firebase-public.firebaseio.com/cli.json 200
[debug] [2022-08-01T15:15:15.274Z] <<< [apiv2][body] GET https://firebase-public.firebaseio.com/cli.json {"cloudBuildErrorAfter":1594252800000,"cloudBuildWarnAfter":1590019200000,"defaultNode10After":1594252800000,"minVersion":"3.0.5","node8DeploysDisabledAfter":1613390400000,"node8RuntimeDisabledAfter":1615809600000,"node8WarnAfter":1600128000000}
[debug] [2022-08-01T15:15:35.305Z] Failed to get Admin SDK config for fir-60352, falling back to cacheFailed to get Admin SDK for Firebase project fir-60352. Please make sure the project exists and your account has permission to access it. {"name":"FirebaseError","children":[],"exit":2,"message":"Failed to get Admin SDK for Firebase project fir-60352. Please make sure the project exists and your account has permission to access it.","original":{"name":"FirebaseError","children":[],"exit":1,"message":"Authentication Error: Your credentials are no longer valid. Please run \u001b[1mfirebase login --reauth\u001b[22m\n\nFor CI servers and headless environments, generate a new token with \u001b[1mfirebase login:ci\u001b[22m","status":500},"status":500}
[debug] [2022-08-01T15:15:35.336Z] > refreshing access token with scopes: []
[debug] [2022-08-01T15:15:35.338Z] >>> [apiv2][query] POST https://www.googleapis.com/oauth2/v3/token [none]
[debug] [2022-08-01T15:15:35.338Z] >>> [apiv2][body] POST https://www.googleapis.com/oauth2/v3/token [omitted]
[debug] [2022-08-01T15:15:36.363Z] <<< [apiv2][status] POST https://www.googleapis.com/oauth2/v3/token 200
[debug] [2022-08-01T15:15:36.363Z] <<< [apiv2][body] POST https://www.googleapis.com/oauth2/v3/token [omitted]
[debug] [2022-08-01T15:15:36.480Z] >>> [apiv2][query] GET https://firebasehosting.googleapis.com/v1beta1/projects/fir-60352/sites 
[debug] [2022-08-01T15:15:57.695Z] Failed to list hosting sites
[debug] Failed to make request to https://firebasehosting.googleapis.com/v1beta1/projects/fir-60352/sites
[debug] [2022-08-01T15:15:57.702Z] >>> [apiv2][query] GET https://firebase.googleapis.com/v1beta1/projects/fir-60352/webApps/-/config [none]
[debug] [2022-08-01T15:16:00.109Z] <<< [apiv2][status] GET https://firebase.googleapis.com/v1beta1/projects/fir-60352/webApps/-/config 200
[debug] [2022-08-01T15:16:00.111Z] <<< [apiv2][body] GET https://firebase.googleapis.com/v1beta1/projects/fir-60352/webApps/-/config {"projectId":"fir-60352","appId":"1:740517186834:web:65d9eddf26b7bebc41f7cb","storageBucket":"fir-60352.appspot.com","locationId":"us-central","apiKey":"AIzaSyBa826Zv81HRvDg0qmXRTwtGCKhw4LLfm8","authDomain":"fir-60352.firebaseapp.com","messagingSenderId":"740517186834","measurementId":"G-L5VC1PCD7X"}
[info] i  hosting: Serving hosting files from: build {"metadata":{"emulator":{"name":"hosting"},"message":"Serving hosting files from: \u001b[1mbuild\u001b[22m"}}
[info] +  hosting: Local server: http://localhost:5000 {"metadata":{"emulator":{"name":"hosting"},"message":"Local server: \u001b[4m\u001b[1mhttp://localhost:5000\u001b[22m\u001b[24m"}}
[debug] [2022-08-01T15:16:00.650Z] Ignoring unsupported arg: auto_download {"metadata":{"emulator":{"name":"ui"},"message":"Ignoring unsupported arg: auto_download"}}
[debug] [2022-08-01T15:16:00.651Z] Ignoring unsupported arg: port {"metadata":{"emulator":{"name":"ui"},"message":"Ignoring unsupported arg: port"}}
[debug] [2022-08-01T15:16:00.652Z] Starting Emulator UI with command {"binary":"node","args":["C:\\Users\\MIMI\\.cache\\firebase\\emulators\\ui-v1.7.0\\server.bundle.js"],"optionalArgs":[],"joinArgs":false} {"metadata":{"emulator":{"name":"ui"},"message":"Starting Emulator UI with command {\"binary\":\"node\",\"args\":[\"C:\\\\Users\\\\MIMI\\\\.cache\\\\firebase\\\\emulators\\\\ui-v1.7.0\\\\server.bundle.js\"],\"optionalArgs\":[],\"joinArgs\":false}"}}
[info] i  ui: Emulator UI logging to ui-debug.log {"metadata":{"emulator":{"name":"ui"},"message":"Emulator UI logging to \u001b[1mui-debug.log\u001b[22m"}}
[debug] [2022-08-01T15:16:01.489Z] Web / API server started at localhost:4000
 {"metadata":{"emulator":{"name":"ui"},"message":"Web / API server started at localhost:4000\n"}}
[info] i  functions: Watching "C:\Users\MIMI\Desktop\EVANGADI\Project\AmazonClone\amazon\functions" for Cloud Functions... {"metadata":{"emulator":{"name":"functions"},"message":"Watching \"C:\\Users\\MIMI\\Desktop\\EVANGADI\\Project\\AmazonClone\\amazon\\functions\" for Cloud Functions..."}}
[debug] [2022-08-01T15:16:01.756Z] Validating nodejs source
[debug] [2022-08-01T15:16:28.609Z] > [functions] package.json contents: {
  "name": "functions",
  "description": "Cloud Functions for Firebase",
  "scripts": {
    "lint": "eslint .",
    "serve": "firebase emulators:start --only functions",
    "shell": "firebase functions:shell",
    "start": "npm run shell",
    "deploy": "firebase deploy --only functions",
    "logs": "firebase functions:log"
  },
  "engines": {
    "node": "16"
  },
  "main": "index.js",
  "dependencies": {
    "cors": "^2.8.5",
    "express": "^4.18.1",
    "firebase-admin": "^10.0.2",
    "firebase-functions": "^3.18.0",
    "stripe": "^9.13.0"
  },
  "devDependencies": {
    "eslint": "^8.9.0",
    "eslint-config-google": "^0.14.0",
    "firebase-functions-test": "^0.2.0"
  },
  "private": true
}
[debug] [2022-08-01T15:16:28.610Z] Building nodejs source
[debug] [2022-08-01T15:16:28.610Z] Analyzing nodejs backend spec
[debug] [2022-08-01T15:16:28.617Z] Could not find functions.yaml. Must use http discovery
[debug] [2022-08-01T15:16:34.460Z] Serving at port 9005

[debug] [2022-08-01T15:16:37.153Z] Got response from /__/functions.yaml {"endpoints":{"api":{"platform":"gcfv1","httpsTrigger":{},"entryPoint":"api"}},"specVersion":"v1alpha1","requiredAPIs":[]}
[debug] [2022-08-01T15:16:37.187Z] shutdown requested via /__/quitquitquit

[info] +  functions[us-central1-api]: http function initialized (http://localhost:5001/fir-60352/us-central1/api). {"metadata":{"emulator":{"name":"functions"},"message":"\u001b[1mhttp\u001b[22m function initialized (http://localhost:5001/fir-60352/us-central1/api)."}}
[info] 
┌─────────────────────────────────────────────────────────────┐
│ ✔  All emulators ready! It is now safe to connect your app. │
│ i  View Emulator UI at http://localhost:4000                │
└─────────────────────────────────────────────────────────────┘

┌───────────┬────────────────┬─────────────────────────────────┐
│ Emulator  │ Host:Port      │ View in Emulator UI             │
├───────────┼────────────────┼─────────────────────────────────┤
│ Functions │ localhost:5001 │ http://localhost:4000/functions │
├───────────┼────────────────┼─────────────────────────────────┤
│ Hosting   │ localhost:5000 │ n/a                             │
└───────────┴────────────────┴─────────────────────────────────┘
  Emulator Hub running at localhost:4400
  Other reserved ports: 4500

Issues? Report them at https://github.com/firebase/firebase-tools/issues and attach the *-debug.log files.
 
[debug] [2022-08-01T15:17:22.958Z] [work-queue] {"queueLength":1,"workRunningCount":0}
[debug] [2022-08-01T15:17:22.959Z] [work-queue] {"queueLength":0,"workRunningCount":1}
[debug] [2022-08-01T15:17:22.960Z] Accepted request GET /fir-60352/us-central1/api --> us-central1-api
[debug] [2022-08-01T15:17:23.027Z] [worker-pool] addWorker(us-central1-api) {"metadata":{"emulator":{"name":"functions"},"message":"[worker-pool] addWorker(us-central1-api)"}}
[debug] [2022-08-01T15:17:23.028Z] [worker-pool] Adding worker with key us-central1-api, total=1 {"metadata":{"emulator":{"name":"functions"},"message":"[worker-pool] Adding worker with key us-central1-api, total=1"}}
[debug] [2022-08-01T15:17:23.029Z] [worker-pool] submitWork(triggerId=us-central1-api) {"metadata":{"emulator":{"name":"functions"},"message":"[worker-pool] submitWork(triggerId=us-central1-api)"}}
[debug] [2022-08-01T15:17:23.030Z] [worker-us-central1-api-3af08990-909c-4ead-9a06-677cc1afe29b]: BUSY {"metadata":{"emulator":{"name":"functions"},"message":"[worker-us-central1-api-3af08990-909c-4ead-9a06-677cc1afe29b]: BUSY"}}
[debug] [2022-08-01T15:17:32.407Z] [runtime-status] [5948] Functions runtime initialized. {"cwd":"C:\\Users\\MIMI\\Desktop\\EVANGADI\\Project\\AmazonClone\\amazon\\functions","node_version":"16.15.0"} {"metadata":{"emulator":{"name":"functions"},"function":{"name":"us-central1-api"},"extension":{},"message":"[runtime-status] [5948] Functions runtime initialized. {\"cwd\":\"C:\\\\Users\\\\MIMI\\\\Desktop\\\\EVANGADI\\\\Project\\\\AmazonClone\\\\amazon\\\\functions\",\"node_version\":\"16.15.0\"}"}}
[debug] [2022-08-01T15:17:32.411Z] [runtime-status] [5948] Disabled runtime features: undefined {"metadata":{"emulator":{"name":"functions"},"function":{"name":"us-central1-api"},"extension":{},"message":"[runtime-status] [5948] Disabled runtime features: undefined"}}
[debug] [2022-08-01T15:17:32.422Z] [runtime-status] [5948] Resolved module firebase-admin {"declared":true,"installed":true,"version":"10.3.0","resolution":"C:\\Users\\MIMI\\Desktop\\EVANGADI\\Project\\AmazonClone\\amazon\\functions\\node_modules\\firebase-admin\\lib\\index.js"} {"metadata":{"emulator":{"name":"functions"},"function":{"name":"us-central1-api"},"extension":{},"message":"[runtime-status] [5948] Resolved module firebase-admin {\"declared\":true,\"installed\":true,\"version\":\"10.3.0\",\"resolution\":\"C:\\\\Users\\\\MIMI\\\\Desktop\\\\EVANGADI\\\\Project\\\\AmazonClone\\\\amazon\\\\functions\\\\node_modules\\\\firebase-admin\\\\lib\\\\index.js\"}"}}
[debug] [2022-08-01T15:17:32.429Z] [runtime-status] [5948] Resolved module firebase-functions {"declared":true,"installed":true,"version":"3.22.0","resolution":"C:\\Users\\MIMI\\Desktop\\EVANGADI\\Project\\AmazonClone\\amazon\\functions\\node_modules\\firebase-functions\\lib\\index.js"} {"metadata":{"emulator":{"name":"functions"},"function":{"name":"us-central1-api"},"extension":{},"message":"[runtime-status] [5948] Resolved module firebase-functions {\"declared\":true,\"installed\":true,\"version\":\"3.22.0\",\"resolution\":\"C:\\\\Users\\\\MIMI\\\\Desktop\\\\EVANGADI\\\\Project\\\\AmazonClone\\\\amazon\\\\functions\\\\node_modules\\\\firebase-functions\\\\lib\\\\index.js\"}"}}
[debug] [2022-08-01T15:17:32.431Z] [runtime-status] [5948] Outgoing network have been stubbed. [{"name":"http","status":"mocked"},{"name":"http","status":"mocked"},{"name":"https","status":"mocked"},{"name":"https","status":"mocked"},{"name":"net","status":"mocked"}] {"metadata":{"emulator":{"name":"functions"},"function":{"name":"us-central1-api"},"extension":{},"message":"[runtime-status] [5948] Outgoing network have been stubbed. [{\"name\":\"http\",\"status\":\"mocked\"},{\"name\":\"http\",\"status\":\"mocked\"},{\"name\":\"https\",\"status\":\"mocked\"},{\"name\":\"https\",\"status\":\"mocked\"},{\"name\":\"net\",\"status\":\"mocked\"}]"}}
[debug] [2022-08-01T15:17:32.434Z] [runtime-status] [5948] Resolved module firebase-functions {"declared":true,"installed":true,"version":"3.22.0","resolution":"C:\\Users\\MIMI\\Desktop\\EVANGADI\\Project\\AmazonClone\\amazon\\functions\\node_modules\\firebase-functions\\lib\\index.js"} {"metadata":{"emulator":{"name":"functions"},"function":{"name":"us-central1-api"},"extension":{},"message":"[runtime-status] [5948] Resolved module firebase-functions {\"declared\":true,\"installed\":true,\"version\":\"3.22.0\",\"resolution\":\"C:\\\\Users\\\\MIMI\\\\Desktop\\\\EVANGADI\\\\Project\\\\AmazonClone\\\\amazon\\\\functions\\\\node_modules\\\\firebase-functions\\\\lib\\\\index.js\"}"}}
[debug] [2022-08-01T15:17:32.620Z] [runtime-status] [5948] Checked functions.config() {"config":{}} {"metadata":{"emulator":{"name":"functions"},"function":{"name":"us-central1-api"},"extension":{},"message":"[runtime-status] [5948] Checked functions.config() {\"config\":{}}"}}
[debug] [2022-08-01T15:17:32.621Z] [runtime-status] [5948] firebase-functions has been stubbed. {"functionsResolution":{"declared":true,"installed":true,"version":"3.22.0","resolution":"C:\\Users\\MIMI\\Desktop\\EVANGADI\\Project\\AmazonClone\\amazon\\functions\\node_modules\\firebase-functions\\lib\\index.js"}} {"metadata":{"emulator":{"name":"functions"},"function":{"name":"us-central1-api"},"extension":{},"message":"[runtime-status] [5948] firebase-functions has been stubbed. {\"functionsResolution\":{\"declared\":true,\"installed\":true,\"version\":\"3.22.0\",\"resolution\":\"C:\\\\Users\\\\MIMI\\\\Desktop\\\\EVANGADI\\\\Project\\\\AmazonClone\\\\amazon\\\\functions\\\\node_modules\\\\firebase-functions\\\\lib\\\\index.js\"}}"}}
[debug] [2022-08-01T15:17:32.624Z] [runtime-status] [5948] Resolved module firebase-functions {"declared":true,"installed":true,"version":"3.22.0","resolution":"C:\\Users\\MIMI\\Desktop\\EVANGADI\\Project\\AmazonClone\\amazon\\functions\\node_modules\\firebase-functions\\lib\\index.js"} {"metadata":{"emulator":{"name":"functions"},"function":{"name":"us-central1-api"},"extension":{},"message":"[runtime-status] [5948] Resolved module firebase-functions {\"declared\":true,\"installed\":true,\"version\":\"3.22.0\",\"resolution\":\"C:\\\\Users\\\\MIMI\\\\Desktop\\\\EVANGADI\\\\Project\\\\AmazonClone\\\\amazon\\\\functions\\\\node_modules\\\\firebase-functions\\\\lib\\\\index.js\"}"}}
[debug] [2022-08-01T15:17:32.630Z] [runtime-status] [5948] Resolved module firebase-admin {"declared":true,"installed":true,"version":"10.3.0","resolution":"C:\\Users\\MIMI\\Desktop\\EVANGADI\\Project\\AmazonClone\\amazon\\functions\\node_modules\\firebase-admin\\lib\\index.js"} {"metadata":{"emulator":{"name":"functions"},"function":{"name":"us-central1-api"},"extension":{},"message":"[runtime-status] [5948] Resolved module firebase-admin {\"declared\":true,\"installed\":true,\"version\":\"10.3.0\",\"resolution\":\"C:\\\\Users\\\\MIMI\\\\Desktop\\\\EVANGADI\\\\Project\\\\AmazonClone\\\\amazon\\\\functions\\\\node_modules\\\\firebase-admin\\\\lib\\\\index.js\"}"}}
[debug] [2022-08-01T15:17:32.633Z] [runtime-status] [5948] Resolved module firebase-functions {"declared":true,"installed":true,"version":"3.22.0","resolution":"C:\\Users\\MIMI\\Desktop\\EVANGADI\\Project\\AmazonClone\\amazon\\functions\\node_modules\\firebase-functions\\lib\\index.js"} {"metadata":{"emulator":{"name":"functions"},"function":{"name":"us-central1-api"},"extension":{},"message":"[runtime-status] [5948] Resolved module firebase-functions {\"declared\":true,\"installed\":true,\"version\":\"3.22.0\",\"resolution\":\"C:\\\\Users\\\\MIMI\\\\Desktop\\\\EVANGADI\\\\Project\\\\AmazonClone\\\\amazon\\\\functions\\\\node_modules\\\\firebase-functions\\\\lib\\\\index.js\"}"}}
[debug] [2022-08-01T15:17:32.634Z] [runtime-status] [5948] firebase-admin has been stubbed. {"adminResolution":{"declared":true,"installed":true,"version":"10.3.0","resolution":"C:\\Users\\MIMI\\Desktop\\EVANGADI\\Project\\AmazonClone\\amazon\\functions\\node_modules\\firebase-admin\\lib\\index.js"}} {"metadata":{"emulator":{"name":"functions"},"function":{"name":"us-central1-api"},"extension":{},"message":"[runtime-status] [5948] firebase-admin has been stubbed. {\"adminResolution\":{\"declared\":true,\"installed\":true,\"version\":\"10.3.0\",\"resolution\":\"C:\\\\Users\\\\MIMI\\\\Desktop\\\\EVANGADI\\\\Project\\\\AmazonClone\\\\amazon\\\\functions\\\\node_modules\\\\firebase-admin\\\\lib\\\\index.js\"}}"}}
[debug] [2022-08-01T15:17:33.345Z] [runtime-status] [5948] Beginning invocation function api! {"metadata":{"emulator":{"name":"functions"},"function":{"name":"us-central1-api"},"extension":{},"message":"[runtime-status] [5948] Beginning invocation function api!"}}
[info] i  functions: Beginning execution of "api" {"metadata":{"emulator":{"name":"functions"},"function":{"name":"us-central1-api"},"extension":{},"message":"Beginning execution of \"api\""}}
[debug] [2022-08-01T15:17:33.349Z] [runtime-status] [5948] Running api in signature http {"metadata":{"emulator":{"name":"functions"},"function":{"name":"us-central1-api"},"extension":{},"message":"[runtime-status] [5948] Running api in signature http"}}
[debug] [2022-08-01T15:17:33.360Z] [runtime-status] [5948] Attempting to listen to port: \\?\pipe\fire_emu_e834e23243e190ce {"metadata":{"emulator":{"name":"functions"},"function":{"name":"us-central1-api"},"extension":{},"message":"[runtime-status] [5948] Attempting to listen to port: \\\\?\\pipe\\fire_emu_e834e23243e190ce"}}
[debug] [2022-08-01T15:17:33.368Z] [runtime-status] [5948] Listening to port: \\?\pipe\fire_emu_e834e23243e190ce {"metadata":{"emulator":{"name":"functions"},"function":{"name":"us-central1-api"},"extension":{},"message":"[runtime-status] [5948] Listening to port: \\\\?\\pipe\\fire_emu_e834e23243e190ce"}}
[debug] [2022-08-01T15:17:33.381Z] [functions] Runtime ready! Sending request! {"metadata":{"emulator":{"name":"functions"},"message":"[functions] Runtime ready! Sending request!"}}
[debug] [2022-08-01T15:17:33.383Z] [functions] Got req.url=/fir-60352/us-central1/api, mapping to path=/ {"metadata":{"emulator":{"name":"functions"},"message":"[functions] Got req.url=/fir-60352/us-central1/api, mapping to path=/"}}
[debug] [2022-08-01T15:17:33.403Z] [runtime-status] [5948] Ephemeral server handling GET request {"metadata":{"emulator":{"name":"functions"},"function":{"name":"us-central1-api"},"extension":{},"message":"[runtime-status] [5948] Ephemeral server handling GET request"}}
[debug] [2022-08-01T15:17:33.436Z] [runtime-status] [5948] Ephemeral server survived. {"metadata":{"emulator":{"name":"functions"},"function":{"name":"us-central1-api"},"extension":{},"message":"[runtime-status] [5948] Ephemeral server survived."}}
[info] i  functions: Finished "api" in ~1s {"metadata":{"emulator":{"name":"functions"},"function":{"name":"us-central1-api"},"extension":{},"message":"Finished \"api\" in ~1s"}}
[debug] [2022-08-01T15:17:33.467Z] [worker-us-central1-api-3af08990-909c-4ead-9a06-677cc1afe29b]: IDLE {"metadata":{"emulator":{"name":"functions"},"message":"[worker-us-central1-api-3af08990-909c-4ead-9a06-677cc1afe29b]: IDLE"}}
[debug] [2022-08-01T15:17:33.469Z] [work-queue] {"queueLength":0,"workRunningCount":0}
[debug] [2022-08-01T15:17:55.862Z] Functions emulator received unknown request at path /favicon.ico
[debug] [2022-08-01T18:37:23.430Z] [worker-us-central1-api-3af08990-909c-4ead-9a06-677cc1afe29b]: exited {"metadata":{"emulator":{"name":"functions"},"message":"[worker-us-central1-api-3af08990-909c-4ead-9a06-677cc1afe29b]: exited"}}
[debug] [2022-08-01T18:41:02.625Z] ----------------------------------------------------------------------
[debug] [2022-08-01T18:41:02.634Z] Command:       C:\Program Files\nodejs\node.exe C:\Users\MIMI\AppData\Roaming\npm\node_modules\firebase-tools\lib\bin\firebase.js emulators:start
[debug] [2022-08-01T18:41:02.636Z] CLI Version:   11.2.2
[debug] [2022-08-01T18:41:02.637Z] Platform:      win32
[debug] [2022-08-01T18:41:02.637Z] Node Version:  v16.15.0
[debug] [2022-08-01T18:41:02.903Z] Time:          Mon Aug 01 2022 21:41:02 GMT+0300 (East Africa Time)
[debug] [2022-08-01T18:41:02.904Z] ----------------------------------------------------------------------
[debug] 
[debug] [2022-08-01T18:41:03.353Z] > command requires scopes: ["email","openid","https://www.googleapis.com/auth/cloudplatformprojects.readonly","https://www.googleapis.com/auth/firebase","https://www.googleapis.com/auth/cloud-platform"]
[debug] [2022-08-01T18:41:03.355Z] > authorizing via signed-in user (betymelaku6@gmail.com)
[info] i  emulators: Starting emulators: functions, hosting {"metadata":{"emulator":{"name":"hub"},"message":"Starting emulators: functions, hosting"}}
[warn] !  emulators: It seems that you are running multiple instances of the emulator suite for project fir-60352. This may result in unexpected behavior. 
[debug] [2022-08-01T18:41:03.955Z] [hub] writing locator at C:\Users\MIMI\AppData\Local\Temp\hub-fir-60352.json
[warn] !  functions: The following emulators are not running, calls to these services from the Functions emulator will affect production: auth, firestore, database, pubsub, storage {"metadata":{"emulator":{"name":"functions"},"message":"The following emulators are not running, calls to these services from the Functions emulator will affect production: \u001b[1mauth, firestore, database, pubsub, storage\u001b[22m"}}
[info] +  functions: Using node@16 from host. {"metadata":{"emulator":{"name":"functions"},"message":"Using node@16 from host."}}
[debug] [2022-08-01T18:41:04.749Z] defaultcredentials: writing to file C:\Users\MIMI\AppData\Roaming\firebase\betymelaku6_gmail_com_application_default_credentials.json
[debug] [2022-08-01T18:41:04.781Z] Setting GAC to C:\Users\MIMI\AppData\Roaming\firebase\betymelaku6_gmail_com_application_default_credentials.json {"metadata":{"emulator":{"name":"functions"},"message":"Setting GAC to C:\\Users\\MIMI\\AppData\\Roaming\\firebase\\betymelaku6_gmail_com_application_default_credentials.json"}}
[debug] [2022-08-01T18:41:04.791Z] > refreshing access token with scopes: []
[debug] [2022-08-01T18:41:04.800Z] >>> [apiv2][query] POST https://www.googleapis.com/oauth2/v3/token [none]
[debug] [2022-08-01T18:41:04.801Z] >>> [apiv2][body] POST https://www.googleapis.com/oauth2/v3/token [omitted]
[debug] [2022-08-01T18:41:25.863Z] Failed to get Admin SDK config for fir-60352, falling back to cacheFailed to get Admin SDK for Firebase project fir-60352. Please make sure the project exists and your account has permission to access it. {"name":"FirebaseError","children":[],"exit":2,"message":"Failed to get Admin SDK for Firebase project fir-60352. Please make sure the project exists and your account has permission to access it.","original":{"name":"FirebaseError","children":[],"exit":1,"message":"Authentication Error: Your credentials are no longer valid. Please run \u001b[1mfirebase login --reauth\u001b[22m\n\nFor CI servers and headless environments, generate a new token with \u001b[1mfirebase login:ci\u001b[22m","status":500},"status":500}
[debug] [2022-08-01T18:41:25.903Z] > refreshing access token with scopes: []
[debug] [2022-08-01T18:41:25.905Z] >>> [apiv2][query] POST https://www.googleapis.com/oauth2/v3/token [none]
[debug] [2022-08-01T18:41:25.906Z] >>> [apiv2][body] POST https://www.googleapis.com/oauth2/v3/token [omitted]
[debug] [2022-08-01T18:41:32.727Z] <<< [apiv2][status] POST https://www.googleapis.com/oauth2/v3/token 200
[debug] [2022-08-01T18:41:32.728Z] <<< [apiv2][body] POST https://www.googleapis.com/oauth2/v3/token [omitted]
[debug] [2022-08-01T18:41:32.858Z] >>> [apiv2][query] GET https://firebasehosting.googleapis.com/v1beta1/projects/fir-60352/sites 
[debug] [2022-08-01T18:41:36.696Z] <<< [apiv2][status] GET https://firebasehosting.googleapis.com/v1beta1/projects/fir-60352/sites 200
[debug] [2022-08-01T18:41:36.699Z] <<< [apiv2][body] GET https://firebasehosting.googleapis.com/v1beta1/projects/fir-60352/sites {"sites":[{"name":"projects/fir-60352/sites/fir-60352","defaultUrl":"https://fir-60352.web.app","appId":"1:740517186834:web:65d9eddf26b7bebc41f7cb","type":"DEFAULT_SITE"}]}
[debug] [2022-08-01T18:41:36.703Z] >>> [apiv2][query] GET https://firebase.googleapis.com/v1beta1/projects/fir-60352/webApps/1:740517186834:web:65d9eddf26b7bebc41f7cb/config [none]
[debug] [2022-08-01T18:41:40.835Z] <<< [apiv2][status] GET https://firebase.googleapis.com/v1beta1/projects/fir-60352/webApps/1:740517186834:web:65d9eddf26b7bebc41f7cb/config 200
[debug] [2022-08-01T18:41:40.835Z] <<< [apiv2][body] GET https://firebase.googleapis.com/v1beta1/projects/fir-60352/webApps/1:740517186834:web:65d9eddf26b7bebc41f7cb/config {"projectId":"fir-60352","appId":"1:740517186834:web:65d9eddf26b7bebc41f7cb","storageBucket":"fir-60352.appspot.com","locationId":"us-central","apiKey":"AIzaSyBa826Zv81HRvDg0qmXRTwtGCKhw4LLfm8","authDomain":"fir-60352.firebaseapp.com","messagingSenderId":"740517186834","measurementId":"G-L5VC1PCD7X"}
[info] i  hosting: Serving hosting files from: build {"metadata":{"emulator":{"name":"hosting"},"message":"Serving hosting files from: \u001b[1mbuild\u001b[22m"}}
[info] +  hosting: Local server: http://localhost:5000 {"metadata":{"emulator":{"name":"hosting"},"message":"Local server: \u001b[4m\u001b[1mhttp://localhost:5000\u001b[22m\u001b[24m"}}
[warn] !  ui: Emulator UI unable to start on port 4000, starting on 4001 instead. {"metadata":{"emulator":{"name":"ui"},"message":"Emulator UI unable to start on port 4000, starting on 4001 instead."}}
[debug] [2022-08-01T18:41:42.740Z] Ignoring unsupported arg: auto_download {"metadata":{"emulator":{"name":"ui"},"message":"Ignoring unsupported arg: auto_download"}}
[debug] [2022-08-01T18:41:42.740Z] Ignoring unsupported arg: port {"metadata":{"emulator":{"name":"ui"},"message":"Ignoring unsupported arg: port"}}
[debug] [2022-08-01T18:41:42.741Z] Starting Emulator UI with command {"binary":"node","args":["C:\\Users\\MIMI\\.cache\\firebase\\emulators\\ui-v1.7.0\\server.bundle.js"],"optionalArgs":[],"joinArgs":false} {"metadata":{"emulator":{"name":"ui"},"message":"Starting Emulator UI with command {\"binary\":\"node\",\"args\":[\"C:\\\\Users\\\\MIMI\\\\.cache\\\\firebase\\\\emulators\\\\ui-v1.7.0\\\\server.bundle.js\"],\"optionalArgs\":[],\"joinArgs\":false}"}}
[info] i  ui: Emulator UI logging to ui-debug.log {"metadata":{"emulator":{"name":"ui"},"message":"Emulator UI logging to \u001b[1mui-debug.log\u001b[22m"}}
[debug] [2022-08-01T18:41:45.494Z] Web / API server started at localhost:4001
 {"metadata":{"emulator":{"name":"ui"},"message":"Web / API server started at localhost:4001\n"}}
[info] i  functions: Watching "C:\Users\MIMI\Desktop\EVANGADI\Project\AmazonClone\amazon\functions" for Cloud Functions... {"metadata":{"emulator":{"name":"functions"},"message":"Watching \"C:\\Users\\MIMI\\Desktop\\EVANGADI\\Project\\AmazonClone\\amazon\\functions\" for Cloud Functions..."}}
[debug] [2022-08-01T18:41:45.758Z] Validating nodejs source
[debug] [2022-08-01T18:42:24.593Z] > [functions] package.json contents: {
  "name": "functions",
  "description": "Cloud Functions for Firebase",
  "scripts": {
    "lint": "eslint .",
    "serve": "firebase emulators:start --only functions",
    "shell": "firebase functions:shell",
    "start": "npm run shell",
    "deploy": "firebase deploy --only functions",
    "logs": "firebase functions:log"
  },
  "engines": {
    "node": "16"
  },
  "main": "index.js",
  "dependencies": {
    "cors": "^2.8.5",
    "express": "^4.18.1",
    "firebase-admin": "^10.0.2",
    "firebase-functions": "^3.18.0",
    "stripe": "^9.13.0"
  },
  "devDependencies": {
    "eslint": "^8.9.0",
    "eslint-config-google": "^0.14.0",
    "firebase-functions-test": "^0.2.0"
  },
  "private": true
}
[debug] [2022-08-01T18:42:24.604Z] Building nodejs source
[debug] [2022-08-01T18:42:24.605Z] Analyzing nodejs backend spec
[debug] [2022-08-01T18:42:24.609Z] Could not find functions.yaml. Must use http discovery
[debug] [2022-08-01T18:42:29.775Z] Serving at port 9005

[debug] [2022-08-01T18:42:33.091Z] Got response from /__/functions.yaml {"endpoints":{"api":{"platform":"gcfv1","httpsTrigger":{},"entryPoint":"api"}},"specVersion":"v1alpha1","requiredAPIs":[]}
[debug] [2022-08-01T18:42:33.123Z] shutdown requested via /__/quitquitquit

[info] +  functions[us-central1-api]: http function initialized (http://localhost:5001/fir-60352/us-central1/api). {"metadata":{"emulator":{"name":"functions"},"message":"\u001b[1mhttp\u001b[22m function initialized (http://localhost:5001/fir-60352/us-central1/api)."}}
[info] 
┌─────────────────────────────────────────────────────────────┐
│ ✔  All emulators ready! It is now safe to connect your app. │
│ i  View Emulator UI at http://localhost:4001                │
└─────────────────────────────────────────────────────────────┘

┌───────────┬────────────────┬─────────────────────────────────┐
│ Emulator  │ Host:Port      │ View in Emulator UI             │
├───────────┼────────────────┼─────────────────────────────────┤
│ Functions │ localhost:5001 │ http://localhost:4001/functions │
├───────────┼────────────────┼─────────────────────────────────┤
│ Hosting   │ localhost:5000 │ n/a                             │
└───────────┴────────────────┴─────────────────────────────────┘
  Emulator Hub running at localhost:4400
  Other reserved ports: 4500

Issues? Report them at https://github.com/firebase/firebase-tools/issues and attach the *-debug.log files.
 
